<?xml version="1.0" encoding="UTF-8"?>
<!-- Generated by org.testng.reporters.JUnitReportReporter -->
<testsuite hostname="DESKTOP-R9PEFVF" failures="0" tests="1" name="cucumber.TestNGTestRunner" time="88.535" errors="0" timestamp="2023-07-07T21:58:04 IST" skipped="0">
  <testcase classname="cucumber.TestNGTestRunner" name="runScenario" time="88.535"/>
  <system-out/>
</testsuite> <!-- cucumber.TestNGTestRunner -->
